[2018-08-05 13:01:51] request.INFO: Matched route "admin_get_product_combinations". {"route":"admin_get_product_combinations","route_parameters":{"_controller":"PrestaShopBundle\\Controller\\Admin\\CombinationController::getProductCombinationsAction","_format":"json","idProduct":"19","_route":"admin_get_product_combinations"},"request_uri":"https://toledo.house/admin976nyxtjk/index.php/combination/product-combinations/19?_token=jCKJOsnK2MhPU0soQ8jurCJ8DABhflBBohls019ZaOI","method":"GET"} []
[2018-08-05 13:01:51] security.DEBUG: Read existing security token from the session. {"key":"_security_main","token_class":"Symfony\\Component\\Security\\Core\\Authentication\\Token\\UsernamePasswordToken"} []
[2018-08-05 13:01:51] security.DEBUG: User was reloaded from a user provider. {"provider":"PrestaShopBundle\\Security\\Admin\\EmployeeProvider","username":"gonzalotoledo@gmail.com"} []
[2018-08-05 13:01:51] security.DEBUG: Stored the security token in the session. {"key":"_security_main"} []
[2018-08-05 13:01:51] request.CRITICAL: Uncaught PHP Exception Symfony\Component\Debug\Exception\FatalErrorException: "Error: sodium_init()" at Unknown line 0 {"exception":"[object] (Symfony\\Component\\Debug\\Exception\\FatalErrorException(code: 0): Error: sodium_init() at Unknown:0)"} []
[2018-08-05 13:04:21] request.INFO: Matched route "admin_product_preferences_process". {"route":"admin_product_preferences_process","route_parameters":{"_controller":"PrestaShopBundle\\Controller\\Admin\\Configure\\ShopParameters\\ProductPreferencesController::processAction","_legacy_controller":"AdminPPreferences","_route":"admin_product_preferences_process"},"request_uri":"https://toledo.house/admin976nyxtjk/index.php/configure/shop/product_preferences?_token=jCKJOsnK2MhPU0soQ8jurCJ8DABhflBBohls019ZaOI","method":"POST"} []
[2018-08-05 13:04:21] security.DEBUG: Read existing security token from the session. {"key":"_security_main","token_class":"Symfony\\Component\\Security\\Core\\Authentication\\Token\\UsernamePasswordToken"} []
[2018-08-05 13:04:21] security.DEBUG: User was reloaded from a user provider. {"provider":"PrestaShopBundle\\Security\\Admin\\EmployeeProvider","username":"gonzalotoledo@gmail.com"} []
[2018-08-05 13:04:21] security.DEBUG: Stored the security token in the session. {"key":"_security_main"} []
[2018-08-05 13:04:21] request.CRITICAL: Uncaught PHP Exception Symfony\Component\Debug\Exception\FatalErrorException: "Error: sodium_init()" at Unknown line 0 {"exception":"[object] (Symfony\\Component\\Debug\\Exception\\FatalErrorException(code: 0): Error: sodium_init() at Unknown:0)"} []
[2018-08-05 13:06:30] request.CRITICAL: Uncaught PHP Exception Symfony\Component\Debug\Exception\FatalErrorException: "Error: sodium_init()" at Unknown line 0 {"exception":"[object] (Symfony\\Component\\Debug\\Exception\\FatalErrorException(code: 0): Error: sodium_init() at Unknown:0)"} []
[2018-08-05 13:13:00] request.INFO: Matched route "admin_product_form". {"route":"admin_product_form","route_parameters":{"_controller":"PrestaShopBundle\\Controller\\Admin\\ProductController::formAction","_legacy_controller":"AdminProducts","_legacy_param_mapper_class":"PrestaShop\\PrestaShop\\Adapter\\Product\\AdminProductDataProvider","_legacy_param_mapper_method":"mapLegacyParametersProductForm","id":"23","_route":"admin_product_form"},"request_uri":"https://toledo.house/admin976nyxtjk/index.php/product/form/23?_token=jCKJOsnK2MhPU0soQ8jurCJ8DABhflBBohls019ZaOI","method":"POST"} []
[2018-08-05 13:13:00] security.DEBUG: Read existing security token from the session. {"key":"_security_main","token_class":"Symfony\\Component\\Security\\Core\\Authentication\\Token\\UsernamePasswordToken"} []
[2018-08-05 13:13:00] security.DEBUG: User was reloaded from a user provider. {"provider":"PrestaShopBundle\\Security\\Admin\\EmployeeProvider","username":"gonzalotoledo@gmail.com"} []
[2018-08-05 13:13:00] security.DEBUG: Stored the security token in the session. {"key":"_security_main"} []
[2018-08-05 13:13:00] request.CRITICAL: Uncaught PHP Exception Symfony\Component\Debug\Exception\FatalErrorException: "Error: sodium_init()" at Unknown line 0 {"exception":"[object] (Symfony\\Component\\Debug\\Exception\\FatalErrorException(code: 0): Error: sodium_init() at Unknown:0)"} []
[2018-08-05 14:50:45] request.INFO: Matched route "admin_performance_save". {"route":"admin_performance_save","route_parameters":{"_controller":"PrestaShopBundle\\Controller\\Admin\\Configure\\AdvancedParameters\\PerformanceController::processFormAction","_legacy_controller":"AdminPerformance","_route":"admin_performance_save"},"request_uri":"https://toledo.house/admin976nyxtjk/index.php/configure/advanced/performance?_token=jCKJOsnK2MhPU0soQ8jurCJ8DABhflBBohls019ZaOI","method":"POST"} []
[2018-08-05 14:50:45] security.DEBUG: Read existing security token from the session. {"key":"_security_main","token_class":"Symfony\\Component\\Security\\Core\\Authentication\\Token\\UsernamePasswordToken"} []
[2018-08-05 14:50:45] security.DEBUG: User was reloaded from a user provider. {"provider":"PrestaShopBundle\\Security\\Admin\\EmployeeProvider","username":"gonzalotoledo@gmail.com"} []
[2018-08-05 14:50:45] security.DEBUG: Stored the security token in the session. {"key":"_security_main"} []
[2018-08-05 14:50:45] request.CRITICAL: Uncaught PHP Exception Symfony\Component\Debug\Exception\FatalErrorException: "Error: sodium_init()" at Unknown line 0 {"exception":"[object] (Symfony\\Component\\Debug\\Exception\\FatalErrorException(code: 0): Error: sodium_init() at Unknown:0)"} []
[2018-08-05 14:53:21] request.INFO: Matched route "admin_get_product_combinations". {"route":"admin_get_product_combinations","route_parameters":{"_controller":"PrestaShopBundle\\Controller\\Admin\\CombinationController::getProductCombinationsAction","_format":"json","idProduct":"23","_route":"admin_get_product_combinations"},"request_uri":"https://toledo.house/admin976nyxtjk/index.php/combination/product-combinations/23?_token=jCKJOsnK2MhPU0soQ8jurCJ8DABhflBBohls019ZaOI","method":"GET"} []
[2018-08-05 14:53:21] security.DEBUG: Read existing security token from the session. {"key":"_security_main","token_class":"Symfony\\Component\\Security\\Core\\Authentication\\Token\\UsernamePasswordToken"} []
[2018-08-05 14:53:21] security.DEBUG: User was reloaded from a user provider. {"provider":"PrestaShopBundle\\Security\\Admin\\EmployeeProvider","username":"gonzalotoledo@gmail.com"} []
[2018-08-05 14:53:21] security.DEBUG: Stored the security token in the session. {"key":"_security_main"} []
[2018-08-05 14:53:21] request.CRITICAL: Uncaught PHP Exception Symfony\Component\Debug\Exception\FatalErrorException: "Error: sodium_init()" at Unknown line 0 {"exception":"[object] (Symfony\\Component\\Debug\\Exception\\FatalErrorException(code: 0): Error: sodium_init() at Unknown:0)"} []
